2023-01-13 19:56:48,848 [INFO] Activator:179 - 


2023-01-13 19:56:48,851 [INFO] Activator:180 - !SESSION log4j initialized
2023-01-13 19:57:00,425 [INFO] McuFinderGlobals:52 - Set McuFinder mode to 2 (CubeIDE integrated)
2023-01-13 19:57:00,776 [INFO] ApplicationProperties:181 - Using Application install path: /opt/stm32cubeide/plugins/com.st.stm32cube.common.mx_6.7.0.202211181646
2023-01-13 19:57:00,809 [INFO] DbMcusXml:77 - Set database path to: /opt/stm32cubeide/plugins/com.st.stm32cube.common.mx_6.7.0.202211181646//db//mcu/
2023-01-13 19:57:00,812 [INFO] ApiDb:273 - Set plugin database path to: /opt/stm32cubeide/plugins/com.st.stm32cube.common.mx_6.7.0.202211181646//db//plugins/boardmanager/
2023-01-13 19:57:00,820 [WARN] ApiDb:258 - Overriding images path with different value:  => /opt/stm32cubeide/plugins/com.st.stm32cube.common.mx_6.7.0.202211181646//db//plugins/mcufinder/images/
2023-01-13 19:57:00,869 [INFO] ApiDb:249 - Set database path to: /home/earodriguezm/.stmcufinder/plugins/mcufinder//mcu/
2023-01-13 19:57:00,873 [INFO] DbMcusAds:124 - Set database path to: /home/earodriguezm/.stmcufinder/plugins/mcufinder//mcu/
2023-01-13 19:57:00,879 [INFO] CrossReferenceDbSqlite:202 - Set database path to: /home/earodriguezm/.stmcufinder/plugins/mcufinder//mcu/cs/
2023-01-13 19:57:01,143 [INFO] RulesReader:61 - Compatibility file has been processed (283 Rules)
2023-01-13 19:57:01,276 [INFO] DbMcusXml:77 - Set database path to: /opt/stm32cubeide/plugins/com.st.stm32cube.common.mx_6.7.0.202211181646//db//mcu/
2023-01-13 19:57:01,277 [INFO] ApiDb:273 - Set plugin database path to: /opt/stm32cubeide/plugins/com.st.stm32cube.common.mx_6.7.0.202211181646//db//plugins/boardmanager/
2023-01-13 19:57:01,278 [INFO] ApiDb:260 - Set plugin images path to: /opt/stm32cubeide/plugins/com.st.stm32cube.common.mx_6.7.0.202211181646//db//plugins/mcufinder/images/
2023-01-13 19:57:01,279 [WARN] DbFile:40 - Overriding database path with different value: /home/earodriguezm/.stmcufinder/plugins/mcufinder/ => /home/earodriguezm/.stmcufinder/plugins/mcufinder
2023-01-13 19:57:01,279 [INFO] ApiDb:249 - Set database path to: /home/earodriguezm/.stmcufinder/plugins/mcufinder//mcu/
2023-01-13 19:57:01,279 [WARN] DbFile:40 - Overriding database path with different value: /home/earodriguezm/.stmcufinder/plugins/mcufinder/ => /home/earodriguezm/.stmcufinder/plugins/mcufinder
2023-01-13 19:57:01,280 [INFO] DbMcusAds:124 - Set database path to: /home/earodriguezm/.stmcufinder/plugins/mcufinder//mcu/
2023-01-13 19:57:01,284 [WARN] DbFile:40 - Overriding database path with different value: /home/earodriguezm/.stmcufinder/plugins/mcufinder/ => /home/earodriguezm/.stmcufinder/plugins/mcufinder
2023-01-13 19:57:01,284 [WARN] DbFile:40 - Overriding database path with different value: /home/earodriguezm/.stmcufinder/plugins/mcufinder/ => /home/earodriguezm/.stmcufinder/plugins/mcufinder
2023-01-13 19:57:01,285 [INFO] CrossReferenceDbSqlite:202 - Set database path to: /home/earodriguezm/.stmcufinder/plugins/mcufinder//mcu/cs/
2023-01-13 19:57:01,585 [INFO] MainPanel:252 - HeapMemory: 268435456
2023-01-13 19:57:01,849 [INFO] DbMcusXml:77 - Set database path to: /opt/stm32cubeide/plugins/com.st.stm32cube.common.mx_6.7.0.202211181646//db//mcu/
2023-01-13 19:57:01,849 [INFO] ApiDb:273 - Set plugin database path to: /opt/stm32cubeide/plugins/com.st.stm32cube.common.mx_6.7.0.202211181646//db//plugins/boardmanager/
2023-01-13 19:57:01,849 [INFO] ApiDb:260 - Set plugin images path to: /opt/stm32cubeide/plugins/com.st.stm32cube.common.mx_6.7.0.202211181646//db//plugins/mcufinder/images/
2023-01-13 19:57:01,851 [WARN] DbFile:40 - Overriding database path with different value: /home/earodriguezm/.stmcufinder/plugins/mcufinder/ => /home/earodriguezm/.stmcufinder/plugins/mcufinder
2023-01-13 19:57:01,851 [INFO] ApiDb:249 - Set database path to: /home/earodriguezm/.stmcufinder/plugins/mcufinder//mcu/
2023-01-13 19:57:01,851 [WARN] DbFile:40 - Overriding database path with different value: /home/earodriguezm/.stmcufinder/plugins/mcufinder/ => /home/earodriguezm/.stmcufinder/plugins/mcufinder
2023-01-13 19:57:01,852 [INFO] DbMcusAds:124 - Set database path to: /home/earodriguezm/.stmcufinder/plugins/mcufinder//mcu/
2023-01-13 19:57:01,852 [WARN] DbFile:40 - Overriding database path with different value: /home/earodriguezm/.stmcufinder/plugins/mcufinder/ => /home/earodriguezm/.stmcufinder/plugins/mcufinder
2023-01-13 19:57:01,852 [WARN] DbFile:40 - Overriding database path with different value: /home/earodriguezm/.stmcufinder/plugins/mcufinder/ => /home/earodriguezm/.stmcufinder/plugins/mcufinder
2023-01-13 19:57:01,853 [INFO] CrossReferenceDbSqlite:202 - Set database path to: /home/earodriguezm/.stmcufinder/plugins/mcufinder//mcu/cs/
2023-01-13 19:57:01,894 [INFO] ApplicationProperties:181 - Using Application install path: /opt/stm32cubeide/plugins/com.st.stm32cube.common.mx_6.7.0.202211181646
2023-01-13 19:57:01,898 [INFO] PluginManage:193 - Search for loadable plugins [exclusion list=, ]
2023-01-13 19:57:01,901 [INFO] PluginManage:307 - Check plugin analytics
2023-01-13 19:57:02,421 [INFO] AnalyticsPlugin:262 - Accepted Software Licenses: 
2023-01-13 19:57:02,422 [INFO] AnalyticsPlugin:264 - Accepted CMSIS Pack Licenses: 
2023-01-13 19:57:02,423 [INFO] AnalyticsPlugin:266 - Accepted Firmware Licenses: 
2023-01-13 19:57:02,489 [INFO] PluginManage:356 - Loaded plugin analytics (category:tool,tabindex:-1)
2023-01-13 19:57:02,491 [INFO] PluginManage:307 - Check plugin cadmodel
2023-01-13 19:57:02,676 [INFO] CADModel:104 - Init CAD model plugin
2023-01-13 19:57:02,677 [INFO] PluginManage:356 - Loaded plugin cadmodel (category:power,tabindex:5)
2023-01-13 19:57:02,678 [INFO] PluginManage:307 - Check plugin clock
2023-01-13 19:57:02,699 [INFO] PluginManage:356 - Loaded plugin clock (category:base,tabindex:2)
2023-01-13 19:57:02,699 [INFO] PluginManage:307 - Check plugin ddr
2023-01-13 19:57:02,709 [INFO] PluginManage:356 - Loaded plugin ddr (category:tool,tabindex:6)
2023-01-13 19:57:02,712 [INFO] PluginManage:307 - Check plugin filemanager
2023-01-13 19:57:03,040 [INFO] PluginManage:356 - Loaded plugin filemanager (category:base,tabindex:10)
2023-01-13 19:57:03,040 [INFO] PluginManage:307 - Check plugin ipmanager
2023-01-13 19:57:03,054 [INFO] PluginManage:356 - Loaded plugin ipmanager (category:base,tabindex:5)
2023-01-13 19:57:03,054 [INFO] PluginManage:307 - Check plugin lpbam
2023-01-13 19:57:03,082 [INFO] PluginManage:356 - Loaded plugin lpbam (category:base,tabindex:0)
2023-01-13 19:57:03,082 [INFO] PluginManage:307 - Check plugin pinoutandconfiguration
2023-01-13 19:57:03,103 [INFO] PluginManage:356 - Loaded plugin pinoutandconfiguration (category:base,tabindex:1)
2023-01-13 19:57:03,104 [INFO] PluginManage:307 - Check plugin pinoutconfig
2023-01-13 19:57:03,190 [INFO] PluginManage:356 - Loaded plugin pinoutconfig (category:base,tabindex:0)
2023-01-13 19:57:03,191 [INFO] PluginManage:307 - Check plugin power
2023-01-13 19:57:03,221 [INFO] PluginManage:356 - Loaded plugin power (category:power,tabindex:4)
2023-01-13 19:57:03,221 [INFO] PluginManage:307 - Check plugin projectmanager
2023-01-13 19:57:03,270 [INFO] PluginManage:356 - Loaded plugin projectmanager (category:projectmanager,tabindex:3)
2023-01-13 19:57:03,270 [INFO] PluginManage:307 - Check plugin thirdparty
2023-01-13 19:57:03,748 [INFO] PluginManage:356 - Loaded plugin thirdparty (category:base,tabindex:-1)
2023-01-13 19:57:03,749 [INFO] PluginManage:307 - Check plugin tools
2023-01-13 19:57:03,750 [WARN] IntegrityCheckThread:82 - waiting for thirdparty lock release [integrity check]
2023-01-13 19:57:03,751 [INFO] IntegrityCheckThread:84 - entering critical section [integrity check]
2023-01-13 19:57:03,755 [INFO] PluginManage:356 - Loaded plugin tools (category:base,tabindex:7)
2023-01-13 19:57:03,756 [INFO] PluginManage:307 - Check plugin tutovideos
2023-01-13 19:57:03,762 [INFO] ThirdPartyUpdaterWithRetryManager:70 - Updater plugin not ready yet. [1/15]
2023-01-13 19:57:04,255 [INFO] PluginManage:356 - Loaded plugin tutovideos (category:base,tabindex:-1)
2023-01-13 19:57:04,257 [INFO] PluginManage:307 - Check plugin updater
2023-01-13 19:57:04,292 [INFO] PluginManage:356 - Loaded plugin updater (category:base,tabindex:12)
2023-01-13 19:57:04,296 [INFO] PluginManage:280 - PluginManage : Loaded plugins [15]
2023-01-13 19:57:04,966 [INFO] PinOutPanel:1477 - setPackage(No Configuration,No Configuration)
2023-01-13 19:57:05,094 [INFO] CADModel:164 - CPN selected for project level
2023-01-13 19:57:05,095 [INFO] CADModel:113 - Register for checkConnection events
2023-01-13 19:57:05,120 [INFO] IPUIPlugin:79 - create IPUIPlugin
2023-01-13 19:57:05,121 [INFO] PluginManager:219 - loadIPPluginJar : add freertos
2023-01-13 19:57:05,125 [INFO] IPUIPlugin:79 - create IPUIPlugin
2023-01-13 19:57:05,126 [INFO] PluginManager:219 - loadIPPluginJar : add ucpd
2023-01-13 19:57:05,143 [INFO] IPUIPlugin:79 - create IPUIPlugin
2023-01-13 19:57:05,144 [INFO] PluginManager:219 - loadIPPluginJar : add stm32_wpan
2023-01-13 19:57:05,150 [INFO] IPUIPlugin:79 - create IPUIPlugin
2023-01-13 19:57:05,150 [INFO] PluginManager:219 - loadIPPluginJar : add aes
2023-01-13 19:57:05,154 [INFO] IPUIPlugin:79 - create IPUIPlugin
2023-01-13 19:57:05,154 [INFO] PluginManager:219 - loadIPPluginJar : add comp
2023-01-13 19:57:05,160 [INFO] IPUIPlugin:79 - create IPUIPlugin
2023-01-13 19:57:05,161 [INFO] PluginManager:219 - loadIPPluginJar : add opamp
2023-01-13 19:57:05,168 [INFO] IPUIPlugin:79 - create IPUIPlugin
2023-01-13 19:57:05,168 [INFO] PluginManager:219 - loadIPPluginJar : add openamp
2023-01-13 19:57:05,175 [INFO] IPUIPlugin:79 - create IPUIPlugin
2023-01-13 19:57:05,176 [INFO] PluginManager:219 - loadIPPluginJar : add cryp
2023-01-13 19:57:05,182 [INFO] IPUIPlugin:79 - create IPUIPlugin
2023-01-13 19:57:05,183 [INFO] PluginManager:219 - loadIPPluginJar : add usbx
2023-01-13 19:57:05,190 [INFO] IPUIPlugin:79 - create IPUIPlugin
2023-01-13 19:57:05,191 [INFO] PluginManager:219 - loadIPPluginJar : add touchsensing
2023-01-13 19:57:05,195 [INFO] IPUIPlugin:79 - create IPUIPlugin
2023-01-13 19:57:05,196 [INFO] PluginManager:219 - loadIPPluginJar : add tracer_emb
2023-01-13 19:57:05,202 [INFO] IPUIPlugin:79 - create IPUIPlugin
2023-01-13 19:57:05,202 [INFO] PluginManager:219 - loadIPPluginJar : add pdm2pcm
2023-01-13 19:57:05,206 [INFO] IPUIPlugin:79 - create IPUIPlugin
2023-01-13 19:57:05,206 [INFO] PluginManager:219 - loadIPPluginJar : add ts
2023-01-13 19:57:05,222 [INFO] IPUIPlugin:79 - create IPUIPlugin
2023-01-13 19:57:05,222 [INFO] PluginManager:219 - loadIPPluginJar : add linkedlist
2023-01-13 19:57:05,235 [INFO] IPUIPlugin:79 - create IPUIPlugin
2023-01-13 19:57:05,236 [INFO] PluginManager:219 - loadIPPluginJar : add dma
2023-01-13 19:57:05,247 [INFO] IPUIPlugin:79 - create IPUIPlugin
2023-01-13 19:57:05,248 [INFO] PluginManager:219 - loadIPPluginJar : add tim
2023-01-13 19:57:05,251 [INFO] IPUIPlugin:79 - create IPUIPlugin
2023-01-13 19:57:05,252 [INFO] PluginManager:219 - loadIPPluginJar : add fatfs
2023-01-13 19:57:05,257 [INFO] IPUIPlugin:79 - create IPUIPlugin
2023-01-13 19:57:05,258 [INFO] PluginManager:219 - loadIPPluginJar : add spi
2023-01-13 19:57:05,264 [INFO] IPUIPlugin:79 - create IPUIPlugin
2023-01-13 19:57:05,265 [INFO] PluginManager:219 - loadIPPluginJar : add gfxmmu
2023-01-13 19:57:05,277 [INFO] IPUIPlugin:79 - create IPUIPlugin
2023-01-13 19:57:05,278 [INFO] PluginManager:219 - loadIPPluginJar : add gpio
2023-01-13 19:57:05,283 [INFO] IPUIPlugin:79 - create IPUIPlugin
2023-01-13 19:57:05,283 [INFO] PluginManager:219 - loadIPPluginJar : add i2c
2023-01-13 19:57:05,298 [INFO] IPUIPlugin:79 - create IPUIPlugin
2023-01-13 19:57:05,305 [INFO] PluginManager:219 - loadIPPluginJar : add plateformsettings
2023-01-13 19:57:05,308 [INFO] IPUIPlugin:79 - create IPUIPlugin
2023-01-13 19:57:05,309 [INFO] PluginManager:219 - loadIPPluginJar : add tsc
2023-01-13 19:57:05,314 [INFO] IPUIPlugin:79 - create IPUIPlugin
2023-01-13 19:57:05,315 [INFO] PluginManager:219 - loadIPPluginJar : add can
2023-01-13 19:57:05,322 [INFO] IPUIPlugin:79 - create IPUIPlugin
2023-01-13 19:57:05,322 [INFO] PluginManager:219 - loadIPPluginJar : add fmc
2023-01-13 19:57:05,329 [INFO] IPUIPlugin:79 - create IPUIPlugin
2023-01-13 19:57:05,330 [INFO] PluginManager:219 - loadIPPluginJar : add gtzc
2023-01-13 19:57:05,342 [INFO] IPUIPlugin:79 - create IPUIPlugin
2023-01-13 19:57:05,343 [INFO] PluginManager:219 - loadIPPluginJar : add adc
2023-01-13 19:57:05,348 [INFO] IPUIPlugin:79 - create IPUIPlugin
2023-01-13 19:57:05,349 [INFO] PluginManager:219 - loadIPPluginJar : add i2s
2023-01-13 19:57:05,352 [INFO] IPUIPlugin:79 - create IPUIPlugin
2023-01-13 19:57:05,353 [INFO] PluginManager:219 - loadIPPluginJar : add quadspi
2023-01-13 19:57:05,355 [INFO] IPUIPlugin:79 - create IPUIPlugin
2023-01-13 19:57:05,355 [INFO] PluginManager:219 - loadIPPluginJar : add ltdc
2023-01-13 19:57:05,360 [INFO] IPUIPlugin:79 - create IPUIPlugin
2023-01-13 19:57:05,362 [INFO] PluginManager:219 - loadIPPluginJar : add dma3
2023-01-13 19:57:05,367 [INFO] IPUIPlugin:79 - create IPUIPlugin
2023-01-13 19:57:05,368 [INFO] PluginManager:219 - loadIPPluginJar : add usart
2023-01-13 19:57:05,372 [INFO] IPUIPlugin:79 - create IPUIPlugin
2023-01-13 19:57:05,372 [INFO] PluginManager:219 - loadIPPluginJar : add lorawan
2023-01-13 19:57:05,376 [INFO] IPUIPlugin:79 - create IPUIPlugin
2023-01-13 19:57:05,377 [INFO] PluginManager:219 - loadIPPluginJar : add dfsdm
2023-01-13 19:57:05,387 [INFO] IPUIPlugin:79 - create IPUIPlugin
2023-01-13 19:57:05,387 [INFO] PluginManager:219 - loadIPPluginJar : add gic
2023-01-13 19:57:05,402 [INFO] IPUIPlugin:79 - create IPUIPlugin
2023-01-13 19:57:05,402 [INFO] PluginManager:219 - loadIPPluginJar : add resmgrutility
2023-01-13 19:57:05,407 [INFO] IPUIPlugin:79 - create IPUIPlugin
2023-01-13 19:57:05,408 [INFO] PluginManager:219 - loadIPPluginJar : add hash
2023-01-13 19:57:05,411 [INFO] IPUIPlugin:79 - create IPUIPlugin
2023-01-13 19:57:05,411 [INFO] PluginManager:219 - loadIPPluginJar : add genericplugin
2023-01-13 19:57:05,419 [INFO] IPUIPlugin:79 - create IPUIPlugin
2023-01-13 19:57:05,419 [INFO] PluginManager:219 - loadIPPluginJar : add sai
2023-01-13 19:57:05,432 [INFO] IPUIPlugin:79 - create IPUIPlugin
2023-01-13 19:57:05,432 [INFO] PluginManager:219 - loadIPPluginJar : add mdma
2023-01-13 19:57:05,442 [INFO] IPUIPlugin:79 - create IPUIPlugin
2023-01-13 19:57:05,445 [INFO] PluginManager:219 - loadIPPluginJar : add nvic
2023-01-13 19:57:05,456 [INFO] IPUIPlugin:79 - create IPUIPlugin
2023-01-13 19:57:05,456 [INFO] PluginManager:219 - loadIPPluginJar : add ipddr
2023-01-13 19:57:05,642 [INFO] CADModel:164 - CPN selected for project level
2023-01-13 19:57:05,643 [INFO] CADModel:113 - Register for checkConnection events
2023-01-13 19:57:05,643 [FATAL] Updater:308 - Updater called before beeing initialized
2023-01-13 19:57:05,644 [ERROR] CADModel:124 - Updater not yet initialized, retry later 
2023-01-13 19:57:05,952 [INFO] CADModel:164 - CPN selected for project level
2023-01-13 19:57:05,952 [INFO] CADModel:113 - Register for checkConnection events
2023-01-13 19:57:05,952 [FATAL] Updater:308 - Updater called before beeing initialized
2023-01-13 19:57:05,953 [ERROR] CADModel:124 - Updater not yet initialized, retry later 
2023-01-13 19:57:05,959 [FATAL] Updater:308 - Updater called before beeing initialized
2023-01-13 19:57:06,176 [FATAL] Updater:308 - Updater called before beeing initialized
2023-01-13 19:57:06,192 [INFO] DbMcusAds:52 - JSON generation date=Thu Sep 30 01:55:09 COT 2021 (1632984909377)
2023-01-13 19:57:06,193 [FATAL] Updater:308 - Updater called before beeing initialized
2023-01-13 19:57:06,255 [WARN] DetailPanel:344 - Failed to get advertising image, set to default
2023-01-13 19:57:06,447 [FATAL] Updater:308 - Updater called before beeing initialized
2023-01-13 19:57:06,450 [FATAL] Updater:308 - Updater called before beeing initialized
2023-01-13 19:57:06,451 [FATAL] Updater:308 - Updater called before beeing initialized
2023-01-13 19:57:06,451 [WARN] DetailPanel:344 - Failed to get advertising image, set to default
2023-01-13 19:57:06,454 [FATAL] Updater:308 - Updater called before beeing initialized
2023-01-13 19:57:06,538 [ERROR] Updater:1120 - MainUpdater not yet initialized. External WinMGr cannot be set.
2023-01-13 19:57:06,542 [INFO] Updater:1056 - Updater Version found : 6.7.0
2023-01-13 19:57:06,579 [INFO] ApplicationProperties:181 - Using Application install path: /opt/stm32cubeide/plugins/com.st.stm32cube.common.mx_6.7.0.202211181646
2023-01-13 19:57:06,762 [INFO] ThirdPartyUpdaterWithRetryManager:70 - Updater plugin not ready yet. [2/15]
2023-01-13 19:57:07,820 [INFO] MainUpdater:2800 - connection check result : 10
2023-01-13 19:57:07,822 [INFO] MainUpdater:282 - Updater Check For Update Now.
2023-01-13 19:57:07,822 [INFO] MicroXplorer:481 - Change Database Version : DB.6.0.70
2023-01-13 19:57:08,097 [INFO] CheckServerUpdateThread:119 - End of CheckServer Thread
2023-01-13 19:57:08,240 [INFO] MainUpdater:2800 - connection check result : 10
2023-01-13 19:57:09,458 [INFO] ApiDb:580 - Connected to CubeFinder SQLite database (/home/earodriguezm/.stmcufinder/plugins/mcufinder/mcu/cube-finder-db.db)
2023-01-13 19:57:09,583 [INFO] ApiDb:667 - CubeFinder database Data Model version=2.1
2023-01-13 19:57:09,584 [INFO] ApiDb:668 - CubeFinder database Configuration version=3.0.35
2023-01-13 19:57:09,586 [INFO] ApiDb:669 - CubeFinder database generation date=2022-12-20 (1671519758)
2023-01-13 19:57:09,586 [INFO] ApiDb:670 - CubeFinder database FW Pack versions=[FP-ATR-ASTRA1_V1.1.1, STM32Cube_FW_C0_V1.0.0, STM32Cube_FW_F4_V1.27.1, STM32Cube_FW_F7_V1.17.0, STM32Cube_FW_G0_V1.6.1, STM32Cube_FW_G4_V1.5.0, STM32Cube_FW_H5_V0.5.1, STM32Cube_FW_H7_V1.11.0, STM32Cube_FW_L5_V1.5.0, STM32Cube_FW_U5_V1.1.1, STM32Cube_FW_WBA_V0.2.0, STM32Cube_FW_WB_V1.15.0, STM32Cube_FW_WB_V1.15.0RC1, STM32Cube_FW_WL_V1.3.0, X-CUBE-ALGOBUILD_V1.3.0, X-CUBE-ALS_V1.0.1, X-CUBE-AZRTOS-F4_V1.1.0, X-CUBE-AZRTOS-F7_V1.1.0, X-CUBE-AZRTOS-G0_V1.1.0, X-CUBE-AZRTOS-G4_V1.0.0, X-CUBE-AZRTOS-H7_V2.1.0, X-CUBE-AZRTOS-L4_V1.0.0, X-CUBE-AZRTOS-L5_V1.0.0, X-CUBE-AZRTOS-WL_V1.0.0, X-CUBE-BLE1_V6.2.4, X-CUBE-BLE2_V3.3.0, X-CUBE-BLEMGR_V1.3.0, X-CUBE-EEPRMA1_V4.1.0, X-CUBE-GNSS1_V6.0.0, X-CUBE-MEMS1_V9.1.0, X-CUBE-MEMS1_V9.3.0, X-CUBE-MEMS1_V9.4.0, X-CUBE-NFC4_V2.0.5, X-CUBE-NFC7_V1.0.0, X-CUBE-SFXS2LP1_V4.0.0, X-CUBE-SUBG2_V5.0.0]
2023-01-13 19:57:10,191 [WARN] PackLoader:242 - Cannot read IP mode file for STMicroelectronics.X-CUBE-GNSS1.6.0.0
2023-01-13 19:57:10,395 [WARN] PackLoader:242 - Cannot read IP mode file for STMicroelectronics.X-CUBE-AZRTOS-F4.1.1.0
2023-01-13 19:57:10,557 [WARN] PackLoader:242 - Cannot read IP mode file for STMicroelectronics.X-CUBE-AZRTOS-F7.1.1.0
2023-01-13 19:57:10,600 [WARN] PackLoader:242 - Cannot read IP mode file for STMicroelectronics.X-CUBE-BLE1.6.2.4
2023-01-13 19:57:10,636 [WARN] PackLoader:242 - Cannot read IP mode file for emotas.I-CUBE-CANOPEN.1.1.3
2023-01-13 19:57:10,652 [WARN] PackLoader:242 - Cannot read IP mode file for STMicroelectronics.X-CUBE-NFC4.2.0.5
2023-01-13 19:57:10,669 [WARN] PackLoader:242 - Cannot read IP mode file for wolfSSL.I-CUBE-wolfSSL.5.5.4
2023-01-13 19:57:10,689 [WARN] PackLoader:242 - Cannot read IP mode file for STMicroelectronics.X-CUBE-NFC7.1.0.0
2023-01-13 19:57:10,725 [WARN] PackLoader:242 - Cannot read IP mode file for STMicroelectronics.X-CUBE-EEPRMA1.4.1.0
2023-01-13 19:57:10,770 [WARN] PackLoader:242 - Cannot read IP mode file for STMicroelectronics.X-CUBE-SFXS2LP1.4.0.0
2023-01-13 19:57:10,783 [WARN] PackLoader:242 - Cannot read IP mode file for STMicroelectronics.X-CUBE-BLE2.3.3.0
2023-01-13 19:57:10,816 [WARN] PackLoader:242 - Cannot read IP mode file for STMicroelectronics.X-CUBE-DISPLAY.2.2.0
2023-01-13 19:57:10,862 [WARN] PackLoader:242 - Cannot read IP mode file for STMicroelectronics.X-CUBE-TOF1.3.2.0
2023-01-13 19:57:10,954 [WARN] PackLoader:242 - Cannot read IP mode file for STMicroelectronics.X-CUBE-AZRTOS-H7.3.0.0
2023-01-13 19:57:10,972 [WARN] PackLoader:242 - Cannot read IP mode file for STMicroelectronics.X-CUBE-ISPU.1.1.0
2023-01-13 19:57:10,991 [WARN] PackLoader:242 - Cannot read IP mode file for RoweBots.I-CUBE-UNISONRTOS.5.5.0-4
2023-01-13 19:57:10,999 [WARN] PackLoader:242 - Cannot read IP mode file for STMicroelectronics.X-CUBE-TOUCHGFX.4.21.0
2023-01-13 19:57:11,129 [WARN] PackLoader:242 - Cannot read IP mode file for STMicroelectronics.X-CUBE-MEMS1.9.4.0
2023-01-13 19:57:12,112 [WARN] PackLoader:242 - Cannot read IP mode file for STMicroelectronics.X-CUBE-AI.7.3.0
2023-01-13 19:57:12,129 [WARN] PackLoader:242 - Cannot read IP mode file for STMicroelectronics.X-CUBE-ALGOBUILD.1.3.0
2023-01-13 19:57:12,213 [WARN] PackLoader:242 - Cannot read IP mode file for STMicroelectronics.X-CUBE-AZRTOS-L5.1.1.0
2023-01-13 19:57:12,313 [WARN] PackLoader:242 - Cannot read IP mode file for STMicroelectronics.X-CUBE-AZRTOS-G0.1.1.0
2023-01-13 19:57:12,390 [WARN] PackLoader:242 - Cannot read IP mode file for STMicroelectronics.X-CUBE-SUBG2.5.0.0
2023-01-13 19:57:12,424 [WARN] PackLoader:242 - Cannot read IP mode file for STMicroelectronics.FP-ATR-ASTRA1.1.1.1
2023-01-13 19:57:12,480 [WARN] PackLoader:242 - Cannot read IP mode file for STMicroelectronics.X-CUBE-BLEMGR.1.3.0
2023-01-13 19:57:12,598 [WARN] PackLoader:242 - Cannot read IP mode file for STMicroelectronics.X-CUBE-AZRTOS-G4.1.0.0
2023-01-13 19:57:12,632 [WARN] PackLoader:242 - Cannot read IP mode file for STMicroelectronics.FP-ATR-SIGFOX1.3.2.0
2023-01-13 19:57:12,777 [WARN] PackLoader:242 - Cannot read IP mode file for STMicroelectronics.X-CUBE-AZRTOS-L4.1.0.0
2023-01-13 19:57:12,971 [WARN] PackLoader:242 - Cannot read IP mode file for STMicroelectronics.X-CUBE-AZRTOS-WL.1.0.0
2023-01-13 19:57:13,005 [WARN] PackLoader:242 - Cannot read IP mode file for portGmbH.I-Cube-SoM-uGOAL.1.1.0
2023-01-13 19:57:13,023 [WARN] PackLoader:242 - Cannot read IP mode file for STMicroelectronics.X-CUBE-ALS.1.0.1
2023-01-13 19:57:13,083 [WARN] PackLoader:242 - Cannot read IP mode file for STMicroelectronics.X-CUBE-AZRTOS-WB.1.1.0
2023-01-13 19:57:13,232 [WARN] PackLoader:242 - Cannot read IP mode file for SEGGER.I-CUBE-embOS.1.3.0
2023-01-13 19:57:13,392 [INFO] ThirdParty:947 - Integrity check success = true
2023-01-13 19:57:13,397 [INFO] IntegrityCheckThread:98 - exiting critical section [integrity check]
2023-01-13 19:57:13,397 [INFO] IntegrityCheckThread:101 - End integrity checks thread
2023-01-13 19:57:15,570 [INFO] ApiDb:239 - Found 143 in-development CPN: [B-WB1M-WPAN1, B-WL5M-SUBG1, NUCLEO-C031C6, STEVAL-PROTEUS1, STEVAL-STWINBX1, STM320518-EVAL, STM32C0116-DK, STM32C011D6Y3TR, STM32C011D6Y6TR, STM32C011F4P3, STM32C011F4P6, STM32C011F4U3, STM32C011F4U6TR, STM32C011F6P3, STM32C011F6P6, STM32C011F6U3, STM32C011F6U6TR, STM32C011J4M3, STM32C011J4M6, STM32C011J6M3, STM32C011J6M6, STM32C0316-DK, STM32C031C4T3, STM32C031C4T6, STM32C031C4U3, STM32C031C4U6, STM32C031C6T3, STM32C031C6T6, STM32C031C6U3, STM32C031C6U6, STM32C031F4P3, STM32C031F4P6, STM32C031F6P3, STM32C031F6P6, STM32C031G4U3, STM32C031G4U6, STM32C031G6U3, STM32C031G6U6, STM32C031K4T3, STM32C031K4T6, STM32C031K4U3, STM32C031K4U6, STM32C031K6T3, STM32C031K6T6, STM32C031K6U3, STM32C031K6U6, STM32G071K8TXN, STM32G071K8UXN, STM32G081GBU6N, STM32G081KBT6N, STM32G081KBUXN, STM32G0B1CCT6N, STM32G0B1KCT6, STM32G0B1NEY6TR, STM32G0B1RCT6N, STM32G0C1CCT6, STM32G0C1CCT6N, STM32G0C1CCU6N, STM32G0C1CET6N, STM32G0C1CEU6N, STM32G0C1KCT6, STM32G0C1NEY6TR, STM32G0C1RCI6N, STM32G0C1RCT6N, STM32G0C1REI6N, STM32G0C1RET6N, STM32G0C1VCI6, STM32G0C1VEI6, STM32G471CCT6, STM32G471CCU6, STM32G471CET3, STM32G471CET6, STM32G471CEU3, STM32G471CEU6, STM32G471MCT6, STM32G471MET3, STM32G471MET6, STM32G471MEY6TR, STM32G471QCT6, STM32G471QET3, STM32G471RCT6, STM32G471RET3, STM32G471RET6, STM32G471VCH6, STM32G471VCI6, STM32G471VCT6, STM32G471VEH3, STM32G471VEH6, STM32G471VEI3, STM32G471VEI6, STM32G471VET3, STM32G471VET6, STM32G474CCT6, STM32L476VGY6PTR, STM32L4R5QGI6STR, STM32MP131AAE3, STM32MP131AAF3, STM32MP131AAG3, STM32MP131CAE3, STM32MP131CAF3, STM32MP131CAG3, STM32MP131DAE7, STM32MP131DAF7, STM32MP131DAG7, STM32MP131FAE7, STM32MP131FAF7, STM32MP131FAG7, STM32MP133AAE3, STM32MP133AAF3, STM32MP133AAG3, STM32MP133CAE3, STM32MP133CAF3, STM32MP133CAG3, STM32MP133DAE7, STM32MP133DAF7, STM32MP133DAG7, STM32MP133FAE7, STM32MP133FAF7, STM32MP133FAG7, STM32MP135AAE3, STM32MP135AAF3, STM32MP135AAG3, STM32MP135CAE3, STM32MP135CAF3, STM32MP135CAG3, STM32MP135DAE7, STM32MP135DAF7, STM32MP135DAG7, STM32MP135F-DK, STM32MP135FAE7, STM32MP135FAF7, STM32MP135FAF7T, STM32MP135FAF7U, STM32MP135FAG7, STM32U595ZJT6Q, STM32U599BJY6QTR, STM32U599NIH6Q, STM32U599NJH6Q, STM32U5A5ZJT6Q, STM32U5A9BJY6QTR, STM32U5A9NJH6Q, STM32WB1MMCH6, STM32WL5MOCH6TR]
2023-01-13 19:57:15,589 [INFO] DbMcus:215 - Found 3582 MCUs, 3582 are supported
2023-01-13 19:57:15,597 [INFO] ApiDb:422 - Load user favorites file /home/earodriguezm/.stm32cubeide/favorites.mcus.txt: 0 item(s)
2023-01-13 19:57:15,598 [INFO] ApiDb:426 - User favorites MCUs=[]
2023-01-13 19:57:15,598 [INFO] DbMcus:221 - Set 0 / 0 favorites MCUs
2023-01-13 19:57:16,364 [ERROR] LogOutputStream:74 - [STDERR_REDIRECT] SLF4J: Failed to load class "org.slf4j.impl.StaticLoggerBinder".
2023-01-13 19:57:16,371 [ERROR] LogOutputStream:74 - [STDERR_REDIRECT] SLF4J: Defaulting to no-operation (NOP) logger implementation
2023-01-13 19:57:16,372 [ERROR] LogOutputStream:74 - [STDERR_REDIRECT] SLF4J: See http://www.slf4j.org/codes.html#StaticLoggerBinder for further details.
2023-01-13 19:57:16,619 [INFO] McuFinderGlobals:65 - Set McuFinderConnectedMode to true
2023-01-13 19:57:16,632 [INFO] MultiScanPanel:196 - Auto-refresh data requested => check proxy status ongoing
2023-01-13 19:57:16,637 [INFO] FinderPluginLoader:92 - Searching for filters in installed packs
2023-01-13 19:57:22,119 [INFO] LoadUrlFilesThread:179 - End of LoadServerUrlFiles without Thread
2023-01-13 19:57:22,136 [INFO] DetailPanel:339 - Set advertising image to /home/earodriguezm/STM32Cube/Repository//en.Prom_NBSTM32U50921.jpg
2023-01-13 19:57:24,579 [INFO] ApiDb:667 - CubeFinder database Data Model version=2.1
2023-01-13 19:57:24,583 [INFO] ApiDb:668 - CubeFinder database Configuration version=3.0.35
2023-01-13 19:57:24,583 [INFO] ApiDb:669 - CubeFinder database generation date=2022-12-20 (1671519758)
2023-01-13 19:57:24,583 [INFO] ApiDb:670 - CubeFinder database FW Pack versions=[FP-ATR-ASTRA1_V1.1.1, STM32Cube_FW_C0_V1.0.0, STM32Cube_FW_F4_V1.27.1, STM32Cube_FW_F7_V1.17.0, STM32Cube_FW_G0_V1.6.1, STM32Cube_FW_G4_V1.5.0, STM32Cube_FW_H5_V0.5.1, STM32Cube_FW_H7_V1.11.0, STM32Cube_FW_L5_V1.5.0, STM32Cube_FW_U5_V1.1.1, STM32Cube_FW_WBA_V0.2.0, STM32Cube_FW_WB_V1.15.0, STM32Cube_FW_WB_V1.15.0RC1, STM32Cube_FW_WL_V1.3.0, X-CUBE-ALGOBUILD_V1.3.0, X-CUBE-ALS_V1.0.1, X-CUBE-AZRTOS-F4_V1.1.0, X-CUBE-AZRTOS-F7_V1.1.0, X-CUBE-AZRTOS-G0_V1.1.0, X-CUBE-AZRTOS-G4_V1.0.0, X-CUBE-AZRTOS-H7_V2.1.0, X-CUBE-AZRTOS-L4_V1.0.0, X-CUBE-AZRTOS-L5_V1.0.0, X-CUBE-AZRTOS-WL_V1.0.0, X-CUBE-BLE1_V6.2.4, X-CUBE-BLE2_V3.3.0, X-CUBE-BLEMGR_V1.3.0, X-CUBE-EEPRMA1_V4.1.0, X-CUBE-GNSS1_V6.0.0, X-CUBE-MEMS1_V9.1.0, X-CUBE-MEMS1_V9.3.0, X-CUBE-MEMS1_V9.4.0, X-CUBE-NFC4_V2.0.5, X-CUBE-NFC7_V1.0.0, X-CUBE-SFXS2LP1_V4.0.0, X-CUBE-SUBG2_V5.0.0]
2023-01-13 19:57:24,732 [INFO] DbBoardsSqlite:225 - include board P-NUCLEO-WB55-NUCLEO as a kit item of type 'Nucleo-64'
2023-01-13 19:57:24,733 [INFO] DbBoardsSqlite:225 - include board P-NUCLEO-WB55-USBDONGLE as a kit item of type 'Nucleo USB Dongle'
2023-01-13 19:57:24,734 [INFO] DbBoardsSqlite:225 - include board STEVAL-IDP005V1 as a kit item of type 'Evaluation Board'
2023-01-13 19:57:24,734 [INFO] DbBoardsSqlite:225 - include board STEVAL-IDP005V2 as a kit item of type 'Evaluation Board'
2023-01-13 19:57:24,790 [INFO] ApiDb:239 - Found 143 in-development CPN: [B-WB1M-WPAN1, B-WL5M-SUBG1, NUCLEO-C031C6, STEVAL-PROTEUS1, STEVAL-STWINBX1, STM320518-EVAL, STM32C0116-DK, STM32C011D6Y3TR, STM32C011D6Y6TR, STM32C011F4P3, STM32C011F4P6, STM32C011F4U3, STM32C011F4U6TR, STM32C011F6P3, STM32C011F6P6, STM32C011F6U3, STM32C011F6U6TR, STM32C011J4M3, STM32C011J4M6, STM32C011J6M3, STM32C011J6M6, STM32C0316-DK, STM32C031C4T3, STM32C031C4T6, STM32C031C4U3, STM32C031C4U6, STM32C031C6T3, STM32C031C6T6, STM32C031C6U3, STM32C031C6U6, STM32C031F4P3, STM32C031F4P6, STM32C031F6P3, STM32C031F6P6, STM32C031G4U3, STM32C031G4U6, STM32C031G6U3, STM32C031G6U6, STM32C031K4T3, STM32C031K4T6, STM32C031K4U3, STM32C031K4U6, STM32C031K6T3, STM32C031K6T6, STM32C031K6U3, STM32C031K6U6, STM32G071K8TXN, STM32G071K8UXN, STM32G081GBU6N, STM32G081KBT6N, STM32G081KBUXN, STM32G0B1CCT6N, STM32G0B1KCT6, STM32G0B1NEY6TR, STM32G0B1RCT6N, STM32G0C1CCT6, STM32G0C1CCT6N, STM32G0C1CCU6N, STM32G0C1CET6N, STM32G0C1CEU6N, STM32G0C1KCT6, STM32G0C1NEY6TR, STM32G0C1RCI6N, STM32G0C1RCT6N, STM32G0C1REI6N, STM32G0C1RET6N, STM32G0C1VCI6, STM32G0C1VEI6, STM32G471CCT6, STM32G471CCU6, STM32G471CET3, STM32G471CET6, STM32G471CEU3, STM32G471CEU6, STM32G471MCT6, STM32G471MET3, STM32G471MET6, STM32G471MEY6TR, STM32G471QCT6, STM32G471QET3, STM32G471RCT6, STM32G471RET3, STM32G471RET6, STM32G471VCH6, STM32G471VCI6, STM32G471VCT6, STM32G471VEH3, STM32G471VEH6, STM32G471VEI3, STM32G471VEI6, STM32G471VET3, STM32G471VET6, STM32G474CCT6, STM32L476VGY6PTR, STM32L4R5QGI6STR, STM32MP131AAE3, STM32MP131AAF3, STM32MP131AAG3, STM32MP131CAE3, STM32MP131CAF3, STM32MP131CAG3, STM32MP131DAE7, STM32MP131DAF7, STM32MP131DAG7, STM32MP131FAE7, STM32MP131FAF7, STM32MP131FAG7, STM32MP133AAE3, STM32MP133AAF3, STM32MP133AAG3, STM32MP133CAE3, STM32MP133CAF3, STM32MP133CAG3, STM32MP133DAE7, STM32MP133DAF7, STM32MP133DAG7, STM32MP133FAE7, STM32MP133FAF7, STM32MP133FAG7, STM32MP135AAE3, STM32MP135AAF3, STM32MP135AAG3, STM32MP135CAE3, STM32MP135CAF3, STM32MP135CAG3, STM32MP135DAE7, STM32MP135DAF7, STM32MP135DAG7, STM32MP135F-DK, STM32MP135FAE7, STM32MP135FAF7, STM32MP135FAF7T, STM32MP135FAF7U, STM32MP135FAG7, STM32U595ZJT6Q, STM32U599BJY6QTR, STM32U599NIH6Q, STM32U599NJH6Q, STM32U5A5ZJT6Q, STM32U5A9BJY6QTR, STM32U5A9NJH6Q, STM32WB1MMCH6, STM32WL5MOCH6TR]
2023-01-13 19:57:25,154 [INFO] BoardInfo:879 - No configuration file found for board P-NUCLEO-WB55
2023-01-13 19:57:25,155 [INFO] DbBoards:156 - Kit is not supported: P-NUCLEO-WB55
2023-01-13 19:57:25,165 [INFO] BoardInfo:879 - No configuration file found for board STEVAL-BFA001V1B
2023-01-13 19:57:25,165 [INFO] DbBoards:156 - Kit is not supported: STEVAL-BFA001V1B
2023-01-13 19:57:25,167 [INFO] BoardInfo:879 - No configuration file found for board STEVAL-BFA001V2B
2023-01-13 19:57:25,167 [INFO] DbBoards:156 - Kit is not supported: STEVAL-BFA001V2B
2023-01-13 19:57:25,420 [INFO] DbBoards:160 - Found 179 boards, 176 are supported
2023-01-13 19:57:25,446 [INFO] ApiDb:422 - Load user favorites file /home/earodriguezm/.stm32cubeide/favorites.boards.txt: 0 item(s)
2023-01-13 19:57:25,447 [INFO] ApiDb:426 - User favorites Boards=[]
2023-01-13 19:57:25,447 [INFO] DbBoards:189 - Set 0 / 0 favorites Boards
2023-01-13 19:59:20,083 [INFO] MainUpdater:2800 - connection check result : 10
2023-01-13 19:59:20,085 [INFO] MainUpdater:2800 - connection check result : 10
2023-01-13 19:59:20,161 [INFO] MicroXplorer:451 - Change Database Path : 
2023-01-13 19:59:20,168 [INFO] MicroXplorer:481 - Change Database Version : DB.6.0.70
2023-01-13 19:59:20,171 [WARN] ThirdParty:845 - waiting for thirdparty lock release [close project]
2023-01-13 19:59:20,172 [INFO] ThirdParty:847 - entering critical section [close project]
2023-01-13 19:59:20,175 [INFO] ThirdParty:857 - exiting critical section [close project]
2023-01-13 19:59:20,185 [INFO] PinOutPanel:1477 - setPackage(No Configuration,No Configuration)
2023-01-13 19:59:20,220 [INFO] UtilMem:74 - Begin LoadConfig() Used Memory: 349976888 Bytes (470810624)
2023-01-13 19:59:20,223 [INFO] MicroXplorer:451 - Change Database Path : 
2023-01-13 19:59:20,224 [INFO] MicroXplorer:481 - Change Database Version : DB.6.0.70
2023-01-13 19:59:20,224 [INFO] OpenFileManager:307 - Change cursor
2023-01-13 19:59:20,379 [INFO] Mcu:1925 - Initializing MCU STM32F103C8Tx STM32F103C8Tx 
2023-01-13 19:59:20,387 [INFO] Mcu:1938 - No CPN specified => set CPN to STM32F103C8T6
2023-01-13 19:59:22,962 [INFO] Context:654 - Trying to add GPIOservice into a context  which must be forbidden
2023-01-13 19:59:23,716 [INFO] ImportTextPane:193 - (OptionalMessage_ERROR) Unable to find key (Mcu.ThirdPartyNb) in loaded IOC file
2023-01-13 19:59:23,716 [INFO] ImportTextPane:193 - (OptionalMessage_ERROR) Unable to find key (Mcu.PinsNb) in loaded IOC file
2023-01-13 19:59:23,716 [INFO] ImportTextPane:193 - (OptionalMessage_ERROR) Unable to find key (Mcu.IPNb) in loaded IOC file
2023-01-13 19:59:24,461 [INFO] RtosManager:489 - Registered RTOS mode: class=CMSIS, group=RTOS, mode=CMSIS_V1, owner=FREERTOS
2023-01-13 19:59:24,461 [INFO] RtosManager:489 - Registered RTOS mode: class=CMSIS, group=RTOS2, mode=CMSIS_V2, owner=FREERTOS
2023-01-13 19:59:24,465 [INFO] RtosManager:489 - Registered RTOS mode: class=RTOS, group=Core, mode=CMSIS_V1, owner=FREERTOS
2023-01-13 19:59:24,465 [INFO] RtosManager:489 - Registered RTOS mode: class=RTOS, group=Core, mode=CMSIS_V2, owner=FREERTOS
2023-01-13 19:59:24,466 [WARN] ModelIntegratedComponent:185 - Missing modes for component STMicroelectronics:FreeRTOS:0.0.1:STMicroelectronics:RTOS:FreeRTOS:Core:::10.2.0:
2023-01-13 19:59:24,494 [WARN] ModelIntegratedComponent:64 - No mode defined for component null
2023-01-13 19:59:24,495 [WARN] ModelIntegratedComponent:64 - No mode defined for component null
2023-01-13 19:59:24,495 [WARN] ModelIntegratedComponent:64 - No mode defined for component null
2023-01-13 19:59:24,495 [WARN] ModelIntegratedComponent:64 - No mode defined for component null
2023-01-13 19:59:24,496 [WARN] ModelIntegratedComponent:64 - No mode defined for component null
2023-01-13 19:59:24,496 [WARN] ModelIntegratedComponent:64 - No mode defined for component null
2023-01-13 19:59:24,496 [WARN] ModelIntegratedComponent:64 - No mode defined for component null
2023-01-13 19:59:24,496 [WARN] ModelIntegratedComponent:64 - No mode defined for component null
2023-01-13 19:59:24,497 [WARN] ModelIntegratedComponent:64 - No mode defined for component null
2023-01-13 19:59:24,497 [WARN] ModelIntegratedComponent:64 - No mode defined for component null
2023-01-13 19:59:24,497 [WARN] ModelIntegratedComponent:64 - No mode defined for component null
2023-01-13 19:59:24,497 [WARN] ModelIntegratedComponent:64 - No mode defined for component null
2023-01-13 19:59:24,498 [WARN] ModelIntegratedComponent:64 - No mode defined for component null
2023-01-13 19:59:24,498 [WARN] ModelIntegratedComponent:64 - No mode defined for component null
2023-01-13 19:59:24,498 [WARN] ModelIntegratedComponent:64 - No mode defined for component null
2023-01-13 19:59:24,498 [WARN] ModelIntegratedComponent:64 - No mode defined for component null
2023-01-13 19:59:24,498 [WARN] ModelIntegratedComponent:64 - No mode defined for component null
2023-01-13 19:59:24,498 [WARN] ModelIntegratedComponent:64 - No mode defined for component null
2023-01-13 19:59:24,498 [WARN] ModelIntegratedComponent:64 - No mode defined for component null
2023-01-13 19:59:24,499 [WARN] ModelIntegratedComponent:64 - No mode defined for component null
2023-01-13 19:59:24,499 [WARN] ModelIntegratedComponent:64 - No mode defined for component null
2023-01-13 19:59:24,499 [WARN] ModelIntegratedComponent:64 - No mode defined for component null
2023-01-13 19:59:24,499 [WARN] ModelIntegratedComponent:64 - No mode defined for component null
2023-01-13 19:59:24,499 [WARN] ModelIntegratedComponent:64 - No mode defined for component null
2023-01-13 19:59:24,499 [WARN] ModelIntegratedComponent:64 - No mode defined for component null
2023-01-13 19:59:24,500 [WARN] ModelIntegratedComponent:64 - No mode defined for component null
2023-01-13 19:59:24,500 [WARN] ModelIntegratedComponent:64 - No mode defined for component null
2023-01-13 19:59:24,500 [WARN] ModelIntegratedComponent:64 - No mode defined for component null
2023-01-13 19:59:24,500 [WARN] ModelIntegratedComponent:64 - No mode defined for component null
2023-01-13 19:59:24,500 [WARN] ModelIntegratedComponent:64 - No mode defined for component null
2023-01-13 19:59:24,502 [WARN] ModelIntegratedComponent:64 - No mode defined for component null
2023-01-13 19:59:24,502 [WARN] ModelIntegratedComponent:64 - No mode defined for component null
2023-01-13 19:59:24,503 [WARN] ModelIntegratedComponent:64 - No mode defined for component null
2023-01-13 19:59:24,571 [INFO] ThirdPartyModel:294 - Start build external matchings
2023-01-13 19:59:25,141 [INFO] ThirdPartyModel:310 - End build external matchings
2023-01-13 19:59:25,659 [INFO] UtilMem:74 - End LoadConfig() Used Memory: 306457088 Bytes (470810624)
2023-01-13 19:59:25,722 [WARN] ThirdParty:807 - waiting for thirdparty lock release [change project]
2023-01-13 19:59:25,722 [INFO] ThirdParty:809 - entering critical section [change project]
2023-01-13 19:59:25,724 [INFO] ThirdParty:999 - CMSIS Pack Vendor :STMicroelectronics X-CUBE-ISPU 1.1.0
2023-01-13 19:59:25,724 [INFO] ThirdParty:999 - CMSIS Pack Vendor :RoweBots I-CUBE-UNISONRTOS 5.5.0-4
2023-01-13 19:59:25,724 [INFO] ThirdParty:999 - CMSIS Pack Vendor :STMicroelectronics X-CUBE-GNSS1 6.0.0
2023-01-13 19:59:25,725 [INFO] ThirdParty:999 - CMSIS Pack Vendor :STMicroelectronics USB_HOST 2.0.0
2023-01-13 19:59:25,727 [INFO] ThirdParty:999 - CMSIS Pack Vendor :STMicroelectronics X-CUBE-AZRTOS-F4 1.1.0
2023-01-13 19:59:25,727 [INFO] ThirdParty:999 - CMSIS Pack Vendor :STMicroelectronics LIBJPEG 8.0.0
2023-01-13 19:59:25,728 [INFO] ThirdParty:999 - CMSIS Pack Vendor :STMicroelectronics USB_DEVICE 3.0.0
2023-01-13 19:59:25,728 [INFO] ThirdParty:999 - CMSIS Pack Vendor :STMicroelectronics X-CUBE-TOUCHGFX 4.21.0
2023-01-13 19:59:25,728 [INFO] ThirdParty:999 - CMSIS Pack Vendor :STMicroelectronics X-CUBE-AZRTOS-F7 1.1.0
2023-01-13 19:59:25,728 [INFO] ThirdParty:999 - CMSIS Pack Vendor :STMicroelectronics X-CUBE-MEMS1 9.4.0
2023-01-13 19:59:25,728 [INFO] ThirdParty:999 - CMSIS Pack Vendor :STMicroelectronics USB_DEVICE 2.0.0
2023-01-13 19:59:25,729 [INFO] ThirdParty:999 - CMSIS Pack Vendor :STMicroelectronics X-CUBE-AI 7.3.0
2023-01-13 19:59:25,729 [INFO] ThirdParty:999 - CMSIS Pack Vendor :STMicroelectronics X-CUBE-ALGOBUILD 1.3.0
2023-01-13 19:59:25,729 [INFO] ThirdParty:999 - CMSIS Pack Vendor :STMicroelectronics X-CUBE-BLE1 6.2.4
2023-01-13 19:59:25,729 [INFO] ThirdParty:999 - CMSIS Pack Vendor :STMicroelectronics X-CUBE-AZRTOS-L5 1.1.0
2023-01-13 19:59:25,729 [INFO] ThirdParty:999 - CMSIS Pack Vendor :STMicroelectronics FreeRTOS 0.0.1
2023-01-13 19:59:25,729 [INFO] ThirdParty:999 - CMSIS Pack Vendor :emotas I-CUBE-CANOPEN 1.1.3
2023-01-13 19:59:25,730 [INFO] ThirdParty:999 - CMSIS Pack Vendor :STMicroelectronics X-CUBE-AZRTOS-G0 1.1.0
2023-01-13 19:59:25,730 [INFO] ThirdParty:999 - CMSIS Pack Vendor :STMicroelectronics X-CUBE-SUBG2 5.0.0
2023-01-13 19:59:25,730 [INFO] ThirdParty:999 - CMSIS Pack Vendor :STMicroelectronics STM32_WPAN 1.0.0
2023-01-13 19:59:25,730 [INFO] ThirdParty:999 - CMSIS Pack Vendor :STMicroelectronics lwIP 2.0.3
2023-01-13 19:59:25,730 [INFO] ThirdParty:999 - CMSIS Pack Vendor :STMicroelectronics X-CUBE-NFC4 2.0.5
2023-01-13 19:59:25,731 [INFO] ThirdParty:999 - CMSIS Pack Vendor :STMicroelectronics USB_HOST 1.0.0
2023-01-13 19:59:25,731 [INFO] ThirdParty:999 - CMSIS Pack Vendor :STMicroelectronics PDM2PCM 3.1.0
2023-01-13 19:59:25,731 [INFO] ThirdParty:999 - CMSIS Pack Vendor :STMicroelectronics FP-ATR-ASTRA1 1.1.1
2023-01-13 19:59:25,731 [INFO] ThirdParty:999 - CMSIS Pack Vendor :STMicroelectronics PDM2PCM 3.3.0
2023-01-13 19:59:25,731 [INFO] ThirdParty:999 - CMSIS Pack Vendor :STMicroelectronics X-CUBE-BLEMGR 1.3.0
2023-01-13 19:59:25,731 [INFO] ThirdParty:999 - CMSIS Pack Vendor :STMicroelectronics X-CUBE-AZRTOS-G4 1.0.0
2023-01-13 19:59:25,732 [INFO] ThirdParty:999 - CMSIS Pack Vendor :STMicroelectronics FP-ATR-SIGFOX1 3.2.0
2023-01-13 19:59:25,732 [INFO] ThirdParty:999 - CMSIS Pack Vendor :wolfSSL I-CUBE-wolfSSL 5.5.4
2023-01-13 19:59:25,732 [INFO] ThirdParty:999 - CMSIS Pack Vendor :STMicroelectronics X-CUBE-AZRTOS-L4 1.0.0
2023-01-13 19:59:25,732 [INFO] ThirdParty:999 - CMSIS Pack Vendor :STMicroelectronics HAL Drivers 0.0.0
2023-01-13 19:59:25,732 [INFO] ThirdParty:999 - CMSIS Pack Vendor :STMicroelectronics MBEDTLS 2.16.2
2023-01-13 19:59:25,732 [INFO] ThirdParty:999 - CMSIS Pack Vendor :STMicroelectronics MBEDTLS 2.14.1
2023-01-13 19:59:25,732 [INFO] ThirdParty:999 - CMSIS Pack Vendor :STMicroelectronics X-CUBE-NFC7 1.0.0
2023-01-13 19:59:25,732 [INFO] ThirdParty:999 - CMSIS Pack Vendor :STMicroelectronics X-CUBE-AZRTOS-WL 1.0.0
2023-01-13 19:59:25,733 [INFO] ThirdParty:999 - CMSIS Pack Vendor :STMicroelectronics X-CUBE-EEPRMA1 4.1.0
2023-01-13 19:59:25,733 [INFO] ThirdParty:999 - CMSIS Pack Vendor :portGmbH I-Cube-SoM-uGOAL 1.1.0
2023-01-13 19:59:25,733 [INFO] ThirdParty:999 - CMSIS Pack Vendor :STMicroelectronics X-CUBE-ALS 1.0.1
2023-01-13 19:59:25,733 [INFO] ThirdParty:999 - CMSIS Pack Vendor :STMicroelectronics ThreadX 1.0.0
2023-01-13 19:59:25,733 [INFO] ThirdParty:999 - CMSIS Pack Vendor :STMicroelectronics X-CUBE-AZRTOS-WB 1.1.0
2023-01-13 19:59:25,733 [INFO] ThirdParty:999 - CMSIS Pack Vendor :STMicroelectronics USB_DEVICE 1.0.0
2023-01-13 19:59:25,736 [INFO] ThirdParty:999 - CMSIS Pack Vendor :SEGGER I-CUBE-embOS 1.3.0
2023-01-13 19:59:25,736 [INFO] ThirdParty:999 - CMSIS Pack Vendor :STMicroelectronics ThreadX 0.0.2
2023-01-13 19:59:25,736 [INFO] ThirdParty:999 - CMSIS Pack Vendor :STMicroelectronics lwIP 2.1.2
2023-01-13 19:59:25,736 [INFO] ThirdParty:999 - CMSIS Pack Vendor :STMicroelectronics X-CUBE-SFXS2LP1 4.0.0
2023-01-13 19:59:25,736 [INFO] ThirdParty:999 - CMSIS Pack Vendor :STMicroelectronics X-CUBE-BLE2 3.3.0
2023-01-13 19:59:25,737 [INFO] ThirdParty:999 - CMSIS Pack Vendor :STMicroelectronics X-CUBE-DISPLAY 2.2.0
2023-01-13 19:59:25,738 [INFO] ThirdParty:999 - CMSIS Pack Vendor :STMicroelectronics X-CUBE-TOF1 3.2.0
2023-01-13 19:59:25,738 [INFO] ThirdParty:999 - CMSIS Pack Vendor :STMicroelectronics PDM2PCM 3.2.0
2023-01-13 19:59:25,738 [INFO] ThirdParty:999 - CMSIS Pack Vendor :STMicroelectronics X-CUBE-AZRTOS-H7 3.0.0
2023-01-13 19:59:25,739 [INFO] ThirdParty:815 - exiting critical section [change project]
2023-01-13 19:59:26,750 [INFO] PinOutPanel:1477 - setPackage(No Configuration,No Configuration)
2023-01-13 19:59:26,754 [INFO] PinOutPanel:1477 - setPackage(STM32F103C8Tx,LQFP48)
2023-01-13 19:59:28,842 [INFO] UtilMem:74 - Before build in PCC Used Memory: 249146912 Bytes (470810624)
2023-01-13 19:59:31,383 [INFO] UtilMem:74 - After build in PCC Used Memory: 197582848 Bytes (470810624)
2023-01-13 19:59:31,490 [INFO] IPUIPlugin:79 - create IPUIPlugin
2023-01-13 19:59:31,491 [INFO] IPUIPlugin:79 - create IPUIPlugin
2023-01-13 19:59:31,492 [INFO] IPUIPlugin:79 - create IPUIPlugin
2023-01-13 19:59:31,492 [INFO] IPUIPlugin:79 - create IPUIPlugin
2023-01-13 19:59:31,493 [INFO] IPUIPlugin:79 - create IPUIPlugin
2023-01-13 19:59:31,493 [INFO] IPUIPlugin:79 - create IPUIPlugin
2023-01-13 19:59:31,494 [INFO] IPUIPlugin:79 - create IPUIPlugin
2023-01-13 19:59:31,494 [INFO] IPUIPlugin:79 - create IPUIPlugin
2023-01-13 19:59:31,494 [INFO] IPUIPlugin:79 - create IPUIPlugin
2023-01-13 19:59:31,495 [INFO] IPUIPlugin:79 - create IPUIPlugin
2023-01-13 19:59:31,499 [INFO] IPUIPlugin:79 - create IPUIPlugin
2023-01-13 19:59:31,500 [INFO] IPUIPlugin:79 - create IPUIPlugin
2023-01-13 19:59:31,500 [INFO] IPUIPlugin:79 - create IPUIPlugin
2023-01-13 19:59:31,505 [INFO] IPUIPlugin:79 - create IPUIPlugin
2023-01-13 19:59:31,509 [INFO] IPUIPlugin:79 - create IPUIPlugin
2023-01-13 19:59:31,510 [INFO] IPUIPlugin:79 - create IPUIPlugin
2023-01-13 19:59:31,510 [INFO] IPUIPlugin:79 - create IPUIPlugin
2023-01-13 19:59:31,511 [INFO] IPUIPlugin:79 - create IPUIPlugin
2023-01-13 19:59:31,511 [INFO] IPUIPlugin:79 - create IPUIPlugin
2023-01-13 19:59:31,512 [INFO] IPUIPlugin:79 - create IPUIPlugin
2023-01-13 19:59:31,512 [INFO] IPUIPlugin:79 - create IPUIPlugin
2023-01-13 19:59:31,513 [INFO] IPUIPlugin:79 - create IPUIPlugin
2023-01-13 19:59:31,514 [INFO] IPUIPlugin:79 - create IPUIPlugin
2023-01-13 19:59:31,515 [INFO] IPUIPlugin:79 - create IPUIPlugin
2023-01-13 19:59:31,516 [INFO] IPUIPlugin:79 - create IPUIPlugin
2023-01-13 19:59:31,517 [INFO] IPUIPlugin:79 - create IPUIPlugin
2023-01-13 19:59:31,518 [INFO] IPUIPlugin:79 - create IPUIPlugin
2023-01-13 19:59:31,965 [INFO] CADModel:164 - CPN selected for project levelSTM32F103C8T6
2023-01-13 19:59:31,969 [INFO] CADModel:113 - Register for checkConnection events
2023-01-13 19:59:32,036 [INFO] OpenFileManager:327 - Restore cursor
2023-01-13 19:59:32,900 [INFO] UtilMem:74 - End SaveConfig() Used Memory: 274157376 Bytes (470810624)
2023-01-13 19:59:33,044 [INFO] UtilMem:74 - End SaveConfig() Used Memory: 286711808 Bytes (470810624)
2023-01-13 19:59:34,329 [INFO] BlockDiagram:2759 - set Specific Code input for plugin: NVIC
2023-01-13 19:59:34,330 [INFO] BlockDiagram:2759 - set Specific Code input for plugin: RCC
2023-01-13 19:59:34,332 [INFO] CodeGenerator:692 - code generatio: config db path: /opt/stm32cubeide/plugins/com.st.stm32cube.common.mx_6.7.0.202211181646//db/
2023-01-13 19:59:35,176 [INFO] CodeEngine:247 - oldGeneratedFile, /home/earodriguezm/Sources/my_git/01-autolearning/kiCAD/Firmware/STM32_PCB_design/MXTmpFiles/license.tmp_save
2023-01-13 19:59:36,464 [INFO] CodeEngine:271 - Generated code: /home/earodriguezm/Sources/my_git/01-autolearning/kiCAD/Firmware/STM32_PCB_design/MXTmpFiles/license.tmp
2023-01-13 19:59:36,482 [INFO] CodeEngine:247 - oldGeneratedFile, /home/earodriguezm/Sources/my_git/01-autolearning/kiCAD/Firmware/STM32_PCB_design/Core/Src/stm32f1xx_it.c_save
2023-01-13 19:59:36,882 [INFO] CodeEngine:271 - Generated code: /home/earodriguezm/Sources/my_git/01-autolearning/kiCAD/Firmware/STM32_PCB_design/Core/Src/stm32f1xx_it.c
2023-01-13 19:59:36,886 [INFO] CodeEngine:247 - oldGeneratedFile, /home/earodriguezm/Sources/my_git/01-autolearning/kiCAD/Firmware/STM32_PCB_design/Core/Inc/stm32f1xx_it.h_save
2023-01-13 19:59:37,351 [INFO] CodeEngine:271 - Generated code: /home/earodriguezm/Sources/my_git/01-autolearning/kiCAD/Firmware/STM32_PCB_design/Core/Inc/stm32f1xx_it.h
2023-01-13 19:59:37,741 [INFO] CodeEngine:247 - oldGeneratedFile, /home/earodriguezm/Sources/my_git/01-autolearning/kiCAD/Firmware/STM32_PCB_design/Core/Src/stm32f1xx_hal_msp.c_save
2023-01-13 19:59:38,458 [INFO] CodeEngine:271 - Generated code: /home/earodriguezm/Sources/my_git/01-autolearning/kiCAD/Firmware/STM32_PCB_design/Core/Src/stm32f1xx_hal_msp.c
2023-01-13 19:59:38,462 [INFO] CodeEngine:247 - oldGeneratedFile, /home/earodriguezm/Sources/my_git/01-autolearning/kiCAD/Firmware/STM32_PCB_design/MXTmpFiles/system.tmp_save
2023-01-13 19:59:38,694 [INFO] CodeEngine:271 - Generated code: /home/earodriguezm/Sources/my_git/01-autolearning/kiCAD/Firmware/STM32_PCB_design/MXTmpFiles/system.tmp
2023-01-13 19:59:38,701 [INFO] CodeEngine:303 - oldGeneratedFile, /home/earodriguezm/Sources/my_git/01-autolearning/kiCAD/Firmware/STM32_PCB_design/Core/Inc/stm32f1xx_hal_conf.h_save
2023-01-13 19:59:38,968 [INFO] CodeEngine:327 - Generated code: /home/earodriguezm/Sources/my_git/01-autolearning/kiCAD/Firmware/STM32_PCB_design/Core/Inc/stm32f1xx_hal_conf.h
2023-01-13 19:59:39,053 [INFO] CodeEngine:247 - oldGeneratedFile, /home/earodriguezm/Sources/my_git/01-autolearning/kiCAD/Firmware/STM32_PCB_design/Core/Inc/main.h_save
2023-01-13 19:59:39,323 [INFO] CodeEngine:271 - Generated code: /home/earodriguezm/Sources/my_git/01-autolearning/kiCAD/Firmware/STM32_PCB_design/Core/Inc/main.h
2023-01-13 19:59:39,325 [INFO] CodeEngine:247 - oldGeneratedFile, /home/earodriguezm/Sources/my_git/01-autolearning/kiCAD/Firmware/STM32_PCB_design/Core/Src/main.c_save
2023-01-13 19:59:39,960 [INFO] CodeEngine:271 - Generated code: /home/earodriguezm/Sources/my_git/01-autolearning/kiCAD/Firmware/STM32_PCB_design/Core/Src/main.c
2023-01-13 19:59:42,045 [INFO] ProjectBuilder:2919 - Time for Copy HAL[1] : 72mS.
2023-01-13 19:59:42,086 [INFO] ProjectBuilder:4183 - Project Generator version: 3.18.0-B7
2023-01-13 19:59:43,371 [INFO] ConfigFileManager:1396 - The Die is : DIE410
2023-01-13 19:59:43,387 [INFO] ApiDbMcu:505 - Load IP Config File for FATFS
2023-01-13 19:59:43,406 [INFO] ApiDbMcu:505 - Load IP Config File for FREERTOS
2023-01-13 19:59:43,538 [INFO] ApiDbMcu:505 - Load IP Config File for USB_DEVICE
2023-01-13 19:59:51,667 [INFO] ProjectBuilder:4351 - Time for Generating toolchain IDE Files: 9579mS.
2023-01-13 19:59:51,674 [INFO] ProjectBuilder:2790 - Time for Copy CMSIS : 2mS.
2023-01-13 19:59:51,676 [INFO] ProjectBuilder:2790 - Time for Copy CMSIS : 0mS.
2023-01-13 19:59:52,491 [INFO] McuFinderGlobals:65 - Set McuFinderConnectedMode to true
2023-01-13 19:59:52,509 [INFO] ApiDb:447 - Save user favorites file /home/earodriguezm/.stm32cubeide/favorites.mcus.txt: 0 item(s)
2023-01-13 19:59:52,510 [INFO] ApiDb:451 - User favorites MCUs=[]
2023-01-13 20:03:59,235 [INFO] UtilMem:74 - End SaveConfig() Used Memory: 241584448 Bytes (646971392)
2023-01-13 20:35:44,186 [INFO] JxBrowserEngine:114 - Initiate JxBrowser Engine with user profile folder
2023-01-13 20:35:45,897 [INFO] WebAppUi:459 - Close the Jxbrowser engine manually
2023-01-13 20:35:45,905 [INFO] WebAppUi:462 - Profiles folder deleted
2023-01-13 20:35:46,905 [ERROR] LogOutputStream:74 - [STDERR_REDIRECT] 
